Validating found git in: git
Using git 2.32.0 from git
Opening repository for path='/home/austyn' failed; ex=Failed to execute git {
  "exitCode": 128,
  "gitErrorCode": "NotAGitRepository",
  "gitCommand": "rev-parse",
  "stdout": "",
  "stderr": "fatal: not a git repository (or any of the parent directories): .git\n"
}
Opening repository for path='/home/austyn' failed; ex=Failed to execute git {
  "exitCode": 128,
  "gitErrorCode": "NotAGitRepository",
  "gitCommand": "rev-parse",
  "stdout": "",
  "stderr": "fatal: not a git repository (or any of the parent directories): .git\n"
}
Opening repository for path='/home/austyn/.bash_history' failed; ex=Error: spawn ENOTDIR
Opening repository for path='/home/austyn/.bash_logout' failed; ex=Error: spawn ENOTDIR
Opening repository for path='/home/austyn/.bashrc' failed; ex=Error: spawn ENOTDIR
Opening repository for path='/home/austyn/.cache' failed; ex=Failed to execute git {
  "exitCode": 128,
  "gitErrorCode": "NotAGitRepository",
  "gitCommand": "rev-parse",
  "stdout": "",
  "stderr": "fatal: not a git repository (or any of the parent directories): .git\n"
}
Opening repository for path='/home/austyn/.local' failed; ex=Failed to execute git {
  "exitCode": 128,
  "gitErrorCode": "NotAGitRepository",
  "gitCommand": "rev-parse",
  "stdout": "",
  "stderr": "fatal: not a git repository (or any of the parent directories): .git\n"
}
Opening repository for path='/home/austyn/.profile' failed; ex=Error: spawn ENOTDIR
Opening repository for path='/home/austyn/.ssh' failed; ex=Failed to execute git {
  "exitCode": 128,
  "gitErrorCode": "NotAGitRepository",
  "gitCommand": "rev-parse",
  "stdout": "",
  "stderr": "fatal: not a git repository (or any of the parent directories): .git\n"
}
Opening repository for path='/home/austyn/.sudo_as_admin_successful' failed; ex=Error: spawn ENOTDIR
Opening repository for path='/home/austyn/.vscode-server' failed; ex=Failed to execute git {
  "exitCode": 128,
  "gitErrorCode": "NotAGitRepository",
  "gitCommand": "rev-parse",
  "stdout": "",
  "stderr": "fatal: not a git repository (or any of the parent directories): .git\n"
}
Opening repository for path='/home/austyn/.wget-hsts' failed; ex=Error: spawn ENOTDIR
> git rev-parse --git-dir
Open repository: /home/austyn/anotherone
> git status -z -u
Opening repository for path='/home/austyn/hello_world.sh' failed; ex=Error: spawn ENOTDIR
Opening repository for path='/home/austyn/nano.save' failed; ex=Error: spawn ENOTDIR
Opening repository for path='/home/austyn/nano.save.1' failed; ex=Error: spawn ENOTDIR
Opening repository for path='/home/austyn/nano.save.2' failed; ex=Error: spawn ENOTDIR
Opening repository for path='/home/austyn/test' failed; ex=Error: spawn ENOTDIR
> git symbolic-ref --short HEAD
> git for-each-ref --format=%(refname)%00%(upstream:short)%00%(objectname)%00%(upstream:track) refs/heads/main refs/remotes/main
> git for-each-ref --sort -committerdate --format %(refname) %(objectname) %(*objectname)
> git remote --verbose
Warning: Failed to watch ref '/home/austyn/anotherone/.git/refs/remotes/origin/main', is most likely packed.
> git config --get commit.template
> git check-ignore -v -z --stdin
> git check-ignore -v -z --stdin
> git show --textconv :testingfile
> git ls-files --stage -- /home/austyn/anotherone/testingfile
> git cat-file -s 42620d490b9ac8754fb5e983814cd5c861473eeb
Opening repository for path='/home/austyn' failed; ex=Failed to execute git {
  "exitCode": 128,
  "gitErrorCode": "NotAGitRepository",
  "gitCommand": "rev-parse",
  "stdout": "",
  "stderr": "fatal: not a git repository (or any of the parent directories): .git\n"
}
> git show --textconv :README.md
> git ls-files --stage -- /home/austyn/anotherone/README.md
> git cat-file -s b8f265a19a9a41d339689b217754765bbc11932a
> git show --textconv :testingfile
> git ls-files --stage -- /home/austyn/anotherone/testingfile
> git cat-file -s 42620d490b9ac8754fb5e983814cd5c861473eeb
> git show --textconv :README.md
> git ls-files --stage -- /home/austyn/anotherone/README.md
> git cat-file -s b8f265a19a9a41d339689b217754765bbc11932a
Opening repository for path='/home/austyn' failed; ex=Failed to execute git {
  "exitCode": 128,
  "gitErrorCode": "NotAGitRepository",
  "gitCommand": "rev-parse",
  "stdout": "",
  "stderr": "fatal: not a git repository (or any of the parent directories): .git\n"
}
> git show --textconv :testingfile
> git ls-files --stage -- /home/austyn/anotherone/testingfile
> git cat-file -s 42620d490b9ac8754fb5e983814cd5c861473eeb
