[2022-01-26 14:09:04.195] [exthost] [info] Extension host with pid 10050 started
[2022-01-26 14:09:04.223] [exthost] [info] Lock '/home/austyn/.vscode-server/data/User/workspaceStorage/038728d8775fe99d8030dcfbf97c3aeb/vscode.lock': Lock acquired.
[2022-01-26 14:09:04.365] [exthost] [info] ExtensionService#_doActivateExtension vscode.debug-auto-launch, startup: true, activationEvent: '*'
[2022-01-26 14:09:04.370] [exthost] [info] ExtensionService#_doActivateExtension vscode.git-base, startup: true, activationEvent: '*', root cause: vscode.github
[2022-01-26 14:09:04.586] [exthost] [info] ExtensionService#_doActivateExtension vscode.git, startup: true, activationEvent: '*'
[2022-01-26 14:09:04.661] [exthost] [info] ExtensionService#_doActivateExtension vscode.github, startup: true, activationEvent: '*'
[2022-01-26 14:09:04.740] [exthost] [info] ExtensionService#_doActivateExtension vscode.emmet, startup: false, activationEvent: 'onStartupFinished'
[2022-01-26 14:09:04.758] [exthost] [info] ExtensionService#_doActivateExtension vscode.merge-conflict, startup: false, activationEvent: 'onStartupFinished'
[2022-01-26 14:09:04.762] [exthost] [info] Eager extensions activated
[2022-01-26 15:46:46.659] [exthost] [warning] [Decorations] CAPPING events from decorations provider vscode.git 1265
[2022-01-26 15:46:49.229] [exthost] [warning] [Decorations] CAPPING events from decorations provider vscode.git 1265
[2022-01-26 15:46:54.305] [exthost] [warning] [Decorations] CAPPING events from decorations provider vscode.git 1265
[2022-01-26 15:46:59.375] [exthost] [warning] [Decorations] CAPPING events from decorations provider vscode.git 1265
[2022-01-26 15:47:04.452] [exthost] [warning] [Decorations] CAPPING events from decorations provider vscode.git 1265
[2022-01-26 15:47:29.192] [exthost] [warning] [Decorations] CAPPING events from decorations provider vscode.git 1265
[2022-01-26 15:47:38.474] [exthost] [warning] [Decorations] CAPPING events from decorations provider vscode.git 1265
[2022-01-26 15:47:43.545] [exthost] [warning] [Decorations] CAPPING events from decorations provider vscode.git 1265
[2022-01-26 15:47:48.619] [exthost] [warning] [Decorations] CAPPING events from decorations provider vscode.git 1265
[2022-01-26 15:47:53.694] [exthost] [warning] [Decorations] CAPPING events from decorations provider vscode.git 1265
[2022-01-26 15:48:07.865] [exthost] [warning] [Decorations] CAPPING events from decorations provider vscode.git 1265
[2022-01-26 15:48:12.935] [exthost] [warning] [Decorations] CAPPING events from decorations provider vscode.git 1265
[2022-01-26 15:48:18.000] [exthost] [warning] [Decorations] CAPPING events from decorations provider vscode.git 1265
[2022-01-26 15:48:23.076] [exthost] [warning] [Decorations] CAPPING events from decorations provider vscode.git 1265
[2022-01-26 15:48:28.179] [exthost] [warning] [Decorations] CAPPING events from decorations provider vscode.git 1265
[2022-01-26 15:48:35.384] [exthost] [warning] [Decorations] CAPPING events from decorations provider vscode.git 1265
[2022-01-26 15:48:40.487] [exthost] [warning] [Decorations] CAPPING events from decorations provider vscode.git 1265
[2022-01-26 15:48:45.555] [exthost] [warning] [Decorations] CAPPING events from decorations provider vscode.git 1265
[2022-01-26 15:48:50.663] [exthost] [warning] [Decorations] CAPPING events from decorations provider vscode.git 1265
[2022-01-26 15:48:55.767] [exthost] [warning] [Decorations] CAPPING events from decorations provider vscode.git 1265
[2022-01-26 15:49:00.833] [exthost] [warning] [Decorations] CAPPING events from decorations provider vscode.git 1265
[2022-01-26 15:49:05.905] [exthost] [warning] [Decorations] CAPPING events from decorations provider vscode.git 1265
[2022-01-26 15:49:11.008] [exthost] [warning] [Decorations] CAPPING events from decorations provider vscode.git 1265
[2022-01-26 15:49:23.416] [exthost] [warning] [Decorations] CAPPING events from decorations provider vscode.git 1265
[2022-01-26 15:49:28.552] [exthost] [warning] [Decorations] CAPPING events from decorations provider vscode.git 1265
[2022-01-26 15:50:10.594] [exthost] [warning] [Decorations] CAPPING events from decorations provider vscode.git 1266
[2022-01-26 15:50:15.674] [exthost] [warning] [Decorations] CAPPING events from decorations provider vscode.git 1266
[2022-01-26 15:50:20.755] [exthost] [warning] [Decorations] CAPPING events from decorations provider vscode.git 1266
[2022-01-26 15:50:25.823] [exthost] [warning] [Decorations] CAPPING events from decorations provider vscode.git 1266
[2022-01-26 15:50:30.898] [exthost] [warning] [Decorations] CAPPING events from decorations provider vscode.git 1266
[2022-01-26 15:50:35.970] [exthost] [warning] [Decorations] CAPPING events from decorations provider vscode.git 1266
[2022-01-26 15:50:41.043] [exthost] [warning] [Decorations] CAPPING events from decorations provider vscode.git 1266
[2022-01-26 15:51:16.200] [exthost] [warning] [Decorations] CAPPING events from decorations provider vscode.git 1266
[2022-01-26 15:51:21.270] [exthost] [warning] [Decorations] CAPPING events from decorations provider vscode.git 1266
[2022-01-26 15:51:26.351] [exthost] [warning] [Decorations] CAPPING events from decorations provider vscode.git 1266
[2022-01-26 15:51:31.422] [exthost] [warning] [Decorations] CAPPING events from decorations provider vscode.git 1266
[2022-01-26 15:51:36.496] [exthost] [warning] [Decorations] CAPPING events from decorations provider vscode.git 1266
[2022-01-26 15:51:41.571] [exthost] [warning] [Decorations] CAPPING events from decorations provider vscode.git 1266
[2022-01-26 15:51:46.642] [exthost] [warning] [Decorations] CAPPING events from decorations provider vscode.git 1266
[2022-01-26 15:51:51.715] [exthost] [warning] [Decorations] CAPPING events from decorations provider vscode.git 1266
[2022-01-26 15:51:56.791] [exthost] [warning] [Decorations] CAPPING events from decorations provider vscode.git 1266
[2022-01-26 15:52:01.877] [exthost] [warning] [Decorations] CAPPING events from decorations provider vscode.git 1266
[2022-01-26 15:52:06.996] [exthost] [warning] [Decorations] CAPPING events from decorations provider vscode.git 1266
[2022-01-26 15:52:35.746] [exthost] [warning] [Decorations] CAPPING events from decorations provider vscode.git 1266
[2022-01-26 15:52:40.820] [exthost] [warning] [Decorations] CAPPING events from decorations provider vscode.git 1266
[2022-01-26 15:52:45.898] [exthost] [warning] [Decorations] CAPPING events from decorations provider vscode.git 1266
[2022-01-26 15:52:50.967] [exthost] [warning] [Decorations] CAPPING events from decorations provider vscode.git 1266
[2022-01-26 15:52:56.042] [exthost] [warning] [Decorations] CAPPING events from decorations provider vscode.git 1266
[2022-01-26 15:53:01.122] [exthost] [warning] [Decorations] CAPPING events from decorations provider vscode.git 1266
[2022-01-26 15:53:06.208] [exthost] [warning] [Decorations] CAPPING events from decorations provider vscode.git 1266
[2022-01-26 15:53:11.289] [exthost] [warning] [Decorations] CAPPING events from decorations provider vscode.git 1266
[2022-01-26 15:53:16.362] [exthost] [warning] [Decorations] CAPPING events from decorations provider vscode.git 1266
[2022-01-26 15:53:21.436] [exthost] [warning] [Decorations] CAPPING events from decorations provider vscode.git 1266
[2022-01-26 15:53:26.515] [exthost] [warning] [Decorations] CAPPING events from decorations provider vscode.git 1266
[2022-01-26 15:53:31.593] [exthost] [warning] [Decorations] CAPPING events from decorations provider vscode.git 1266
[2022-01-26 15:53:36.706] [exthost] [warning] [Decorations] CAPPING events from decorations provider vscode.git 1266
[2022-01-26 15:54:33.593] [exthost] [warning] [Decorations] CAPPING events from decorations provider vscode.git 1266
[2022-01-26 15:54:38.663] [exthost] [warning] [Decorations] CAPPING events from decorations provider vscode.git 1266
[2022-01-26 15:54:43.744] [exthost] [warning] [Decorations] CAPPING events from decorations provider vscode.git 1266
[2022-01-26 15:55:46.529] [exthost] [warning] [Decorations] CAPPING events from decorations provider vscode.git 1266
[2022-01-26 15:55:51.648] [exthost] [warning] [Decorations] CAPPING events from decorations provider vscode.git 1266
[2022-01-26 15:55:56.720] [exthost] [warning] [Decorations] CAPPING events from decorations provider vscode.git 1266
[2022-01-26 15:56:01.795] [exthost] [warning] [Decorations] CAPPING events from decorations provider vscode.git 1266
[2022-01-26 15:56:06.864] [exthost] [warning] [Decorations] CAPPING events from decorations provider vscode.git 1266
[2022-01-26 15:56:12.523] [exthost] [warning] [Decorations] CAPPING events from decorations provider vscode.git 1266
[2022-01-26 15:56:17.630] [exthost] [warning] [Decorations] CAPPING events from decorations provider vscode.git 1266
[2022-01-26 15:56:22.749] [exthost] [warning] [Decorations] CAPPING events from decorations provider vscode.git 1266
[2022-01-26 15:56:27.859] [exthost] [warning] [Decorations] CAPPING events from decorations provider vscode.git 1266
[2022-01-26 15:56:42.449] [exthost] [warning] [Decorations] CAPPING events from decorations provider vscode.git 1266
[2022-01-26 15:56:47.559] [exthost] [warning] [Decorations] CAPPING events from decorations provider vscode.git 1266
[2022-01-26 15:56:52.637] [exthost] [warning] [Decorations] CAPPING events from decorations provider vscode.git 1266
[2022-01-26 15:56:57.705] [exthost] [warning] [Decorations] CAPPING events from decorations provider vscode.git 1266
[2022-01-26 15:57:38.627] [exthost] [warning] [Decorations] CAPPING events from decorations provider vscode.git 1266
[2022-01-26 15:57:44.760] [exthost] [warning] [Decorations] CAPPING events from decorations provider vscode.git 1266
[2022-01-26 15:57:49.834] [exthost] [warning] [Decorations] CAPPING events from decorations provider vscode.git 1266
[2022-01-26 15:57:54.938] [exthost] [warning] [Decorations] CAPPING events from decorations provider vscode.git 1266
[2022-01-26 15:58:04.213] [exthost] [warning] [Decorations] CAPPING events from decorations provider vscode.git 1266
[2022-01-26 15:58:09.288] [exthost] [warning] [Decorations] CAPPING events from decorations provider vscode.git 1266
[2022-01-26 15:58:14.369] [exthost] [warning] [Decorations] CAPPING events from decorations provider vscode.git 1266
[2022-01-26 15:58:19.490] [exthost] [warning] [Decorations] CAPPING events from decorations provider vscode.git 1266
[2022-01-26 15:58:24.600] [exthost] [warning] [Decorations] CAPPING events from decorations provider vscode.git 1266
[2022-01-26 15:58:29.715] [exthost] [warning] [Decorations] CAPPING events from decorations provider vscode.git 1266
[2022-01-26 15:58:34.809] [exthost] [warning] [Decorations] CAPPING events from decorations provider vscode.git 1266
[2022-01-26 15:58:39.931] [exthost] [warning] [Decorations] CAPPING events from decorations provider vscode.git 1266
[2022-01-26 15:58:45.037] [exthost] [warning] [Decorations] CAPPING events from decorations provider vscode.git 1266
[2022-01-26 15:58:53.600] [exthost] [warning] [Decorations] CAPPING events from decorations provider vscode.git 1266
[2022-01-26 15:58:59.644] [exthost] [warning] [Decorations] CAPPING events from decorations provider vscode.git 1266
[2022-01-26 15:59:04.720] [exthost] [warning] [Decorations] CAPPING events from decorations provider vscode.git 1267
[2022-01-26 15:59:12.142] [exthost] [warning] [Decorations] CAPPING events from decorations provider vscode.git 1266
[2022-01-26 15:59:17.221] [exthost] [warning] [Decorations] CAPPING events from decorations provider vscode.git 1266
[2022-01-26 15:59:33.283] [exthost] [warning] [Decorations] CAPPING events from decorations provider vscode.git 1266
[2022-01-26 15:59:38.406] [exthost] [warning] [Decorations] CAPPING events from decorations provider vscode.git 1266
[2022-01-26 15:59:43.470] [exthost] [warning] [Decorations] CAPPING events from decorations provider vscode.git 1266
[2022-01-26 15:59:48.555] [exthost] [warning] [Decorations] CAPPING events from decorations provider vscode.git 1266
[2022-01-26 15:59:53.668] [exthost] [warning] [Decorations] CAPPING events from decorations provider vscode.git 1266
[2022-01-26 15:59:58.747] [exthost] [warning] [Decorations] CAPPING events from decorations provider vscode.git 1266
[2022-01-26 16:00:03.862] [exthost] [warning] [Decorations] CAPPING events from decorations provider vscode.git 1266
[2022-01-26 16:00:08.964] [exthost] [warning] [Decorations] CAPPING events from decorations provider vscode.git 1266
[2022-01-26 16:00:14.035] [exthost] [warning] [Decorations] CAPPING events from decorations provider vscode.git 1266
[2022-01-26 16:00:19.161] [exthost] [warning] [Decorations] CAPPING events from decorations provider vscode.git 1266
[2022-01-26 16:00:24.239] [exthost] [warning] [Decorations] CAPPING events from decorations provider vscode.git 1266
[2022-01-26 16:00:29.354] [exthost] [warning] [Decorations] CAPPING events from decorations provider vscode.git 1266
[2022-01-26 16:00:34.427] [exthost] [warning] [Decorations] CAPPING events from decorations provider vscode.git 1266
[2022-01-26 16:00:39.552] [exthost] [warning] [Decorations] CAPPING events from decorations provider vscode.git 1266
[2022-01-26 16:00:44.619] [exthost] [warning] [Decorations] CAPPING events from decorations provider vscode.git 1266
[2022-01-26 16:00:49.695] [exthost] [warning] [Decorations] CAPPING events from decorations provider vscode.git 1266
[2022-01-26 16:00:54.804] [exthost] [warning] [Decorations] CAPPING events from decorations provider vscode.git 1266
[2022-01-26 16:00:59.880] [exthost] [warning] [Decorations] CAPPING events from decorations provider vscode.git 1266
[2022-01-26 16:01:04.990] [exthost] [warning] [Decorations] CAPPING events from decorations provider vscode.git 1266
[2022-01-26 16:01:10.070] [exthost] [warning] [Decorations] CAPPING events from decorations provider vscode.git 1266
[2022-01-26 16:01:15.182] [exthost] [warning] [Decorations] CAPPING events from decorations provider vscode.git 1266
[2022-01-26 16:01:20.297] [exthost] [warning] [Decorations] CAPPING events from decorations provider vscode.git 1266
[2022-01-26 16:01:34.431] [exthost] [warning] [Decorations] CAPPING events from decorations provider vscode.git 1266
[2022-01-26 16:01:39.547] [exthost] [warning] [Decorations] CAPPING events from decorations provider vscode.git 1266
[2022-01-26 16:01:44.658] [exthost] [warning] [Decorations] CAPPING events from decorations provider vscode.git 1266
[2022-01-26 16:01:49.781] [exthost] [warning] [Decorations] CAPPING events from decorations provider vscode.git 1266
[2022-01-26 16:01:54.894] [exthost] [warning] [Decorations] CAPPING events from decorations provider vscode.git 1266
[2022-01-26 16:01:59.975] [exthost] [warning] [Decorations] CAPPING events from decorations provider vscode.git 1266
[2022-01-26 16:02:05.087] [exthost] [warning] [Decorations] CAPPING events from decorations provider vscode.git 1266
[2022-01-26 16:02:10.204] [exthost] [warning] [Decorations] CAPPING events from decorations provider vscode.git 1266
[2022-01-26 16:02:15.312] [exthost] [warning] [Decorations] CAPPING events from decorations provider vscode.git 1266
[2022-01-26 16:02:20.427] [exthost] [warning] [Decorations] CAPPING events from decorations provider vscode.git 1266
[2022-01-26 16:03:05.175] [exthost] [warning] [Decorations] CAPPING events from decorations provider vscode.git 1266
[2022-01-26 16:03:10.253] [exthost] [warning] [Decorations] CAPPING events from decorations provider vscode.git 1266
[2022-01-26 16:03:15.326] [exthost] [warning] [Decorations] CAPPING events from decorations provider vscode.git 1266
[2022-01-26 16:03:20.402] [exthost] [warning] [Decorations] CAPPING events from decorations provider vscode.git 1266
[2022-01-26 16:03:25.527] [exthost] [warning] [Decorations] CAPPING events from decorations provider vscode.git 1266
[2022-01-26 16:03:30.654] [exthost] [warning] [Decorations] CAPPING events from decorations provider vscode.git 1266
[2022-01-26 16:03:35.765] [exthost] [warning] [Decorations] CAPPING events from decorations provider vscode.git 1266
[2022-01-26 16:03:40.880] [exthost] [warning] [Decorations] CAPPING events from decorations provider vscode.git 1266
[2022-01-26 16:03:45.956] [exthost] [warning] [Decorations] CAPPING events from decorations provider vscode.git 1266
[2022-01-26 16:03:51.035] [exthost] [warning] [Decorations] CAPPING events from decorations provider vscode.git 1266
[2022-01-26 16:03:56.109] [exthost] [warning] [Decorations] CAPPING events from decorations provider vscode.git 1266
[2022-01-26 16:04:01.191] [exthost] [warning] [Decorations] CAPPING events from decorations provider vscode.git 1266
[2022-01-26 16:04:06.272] [exthost] [warning] [Decorations] CAPPING events from decorations provider vscode.git 1266
[2022-01-26 16:04:11.396] [exthost] [warning] [Decorations] CAPPING events from decorations provider vscode.git 1266
[2022-01-26 16:04:16.467] [exthost] [warning] [Decorations] CAPPING events from decorations provider vscode.git 1266
[2022-01-26 16:04:21.586] [exthost] [warning] [Decorations] CAPPING events from decorations provider vscode.git 1266
[2022-01-26 16:04:26.659] [exthost] [warning] [Decorations] CAPPING events from decorations provider vscode.git 1266
[2022-01-26 16:04:31.739] [exthost] [warning] [Decorations] CAPPING events from decorations provider vscode.git 1266
[2022-01-26 16:04:36.853] [exthost] [warning] [Decorations] CAPPING events from decorations provider vscode.git 1266
[2022-01-26 16:04:41.931] [exthost] [warning] [Decorations] CAPPING events from decorations provider vscode.git 1266
[2022-01-26 16:04:47.003] [exthost] [warning] [Decorations] CAPPING events from decorations provider vscode.git 1266
[2022-01-26 16:04:52.118] [exthost] [warning] [Decorations] CAPPING events from decorations provider vscode.git 1266
[2022-01-26 16:04:57.190] [exthost] [warning] [Decorations] CAPPING events from decorations provider vscode.git 1266
[2022-01-26 16:05:02.273] [exthost] [warning] [Decorations] CAPPING events from decorations provider vscode.git 1266
[2022-01-26 16:05:07.381] [exthost] [warning] [Decorations] CAPPING events from decorations provider vscode.git 1266
[2022-01-26 16:05:12.467] [exthost] [warning] [Decorations] CAPPING events from decorations provider vscode.git 1266
[2022-01-26 16:05:18.583] [exthost] [warning] [Decorations] CAPPING events from decorations provider vscode.git 1266
[2022-01-26 16:05:23.703] [exthost] [warning] [Decorations] CAPPING events from decorations provider vscode.git 1266
[2022-01-26 16:05:28.780] [exthost] [warning] [Decorations] CAPPING events from decorations provider vscode.git 1266
[2022-01-26 16:05:33.899] [exthost] [warning] [Decorations] CAPPING events from decorations provider vscode.git 1266
[2022-01-26 16:06:09.469] [exthost] [warning] [Decorations] CAPPING events from decorations provider vscode.git 1266
[2022-01-26 16:06:14.548] [exthost] [warning] [Decorations] CAPPING events from decorations provider vscode.git 1266
[2022-01-26 16:06:20.524] [exthost] [warning] [Decorations] CAPPING events from decorations provider vscode.git 1266
[2022-01-26 16:06:25.605] [exthost] [warning] [Decorations] CAPPING events from decorations provider vscode.git 1266
[2022-01-26 16:06:37.805] [exthost] [warning] [Decorations] CAPPING events from decorations provider vscode.git 1266
[2022-01-26 16:06:42.880] [exthost] [warning] [Decorations] CAPPING events from decorations provider vscode.git 1266
[2022-01-26 16:06:58.499] [exthost] [warning] [Decorations] CAPPING events from decorations provider vscode.git 1266
[2022-01-26 16:07:03.575] [exthost] [warning] [Decorations] CAPPING events from decorations provider vscode.git 1266
[2022-01-26 16:07:08.641] [exthost] [warning] [Decorations] CAPPING events from decorations provider vscode.git 1266
[2022-01-26 16:07:13.714] [exthost] [warning] [Decorations] CAPPING events from decorations provider vscode.git 1266
[2022-01-26 16:07:18.778] [exthost] [warning] [Decorations] CAPPING events from decorations provider vscode.git 1266
[2022-01-26 16:56:26.390] [exthost] [info] extension host terminating: renderer disconnected for too long (2)
[2022-01-26 16:56:26.392] [exthost] [info] Lock '/home/austyn/.vscode-server/data/User/workspaceStorage/038728d8775fe99d8030dcfbf97c3aeb/vscode.lock': Marking the lockfile as scheduled to be released in 6000 ms.
[2022-01-26 16:56:26.404] [exthost] [info] Extension host with pid 10050 exiting with code 0
