[2022-01-26 17:04:06.680] [exthost] [info] Extension host with pid 22976 started
[2022-01-26 17:04:06.703] [exthost] [info] Lock '/home/austyn/.vscode-server/data/User/workspaceStorage/038728d8775fe99d8030dcfbf97c3aeb/vscode.lock': Lock acquired.
[2022-01-26 17:04:06.934] [exthost] [info] ExtensionService#_doActivateExtension vscode.debug-auto-launch, startup: true, activationEvent: '*'
[2022-01-26 17:04:06.955] [exthost] [info] ExtensionService#_doActivateExtension vscode.git-base, startup: true, activationEvent: '*', root cause: vscode.github
[2022-01-26 17:04:07.341] [exthost] [info] ExtensionService#_doActivateExtension vscode.git, startup: true, activationEvent: '*'
[2022-01-26 17:04:07.420] [exthost] [info] ExtensionService#_doActivateExtension vscode.github, startup: true, activationEvent: '*'
[2022-01-26 17:04:07.509] [exthost] [info] ExtensionService#_doActivateExtension vscode.emmet, startup: false, activationEvent: 'onStartupFinished'
[2022-01-26 17:04:07.538] [exthost] [info] ExtensionService#_doActivateExtension vscode.merge-conflict, startup: false, activationEvent: 'onStartupFinished'
[2022-01-26 17:04:07.543] [exthost] [info] Eager extensions activated
[2022-01-26 17:04:08.168] [exthost] [error] {"message":"Git error","stdout":"","stderr":"fatal: Pathspec '/home/austyn/anotherone2/hello_world.sh' is in submodule 'anotherone2'\n","exitCode":128,"gitErrorCode":"IsInSubmodule"}
[2022-01-26 17:04:08.168] [exthost] [error] {"message":"Git error","stdout":"","stderr":"fatal: Pathspec '/home/austyn/anotherone2/hello_world.sh' is in submodule 'anotherone2'\n","exitCode":128,"gitErrorCode":"IsInSubmodule"}
[2022-01-26 17:04:08.168] [exthost] [error] {"message":"Git error","stdout":"","stderr":"fatal: Pathspec '/home/austyn/anotherone2/hello_world.sh' is in submodule 'anotherone2'\n","exitCode":128,"gitErrorCode":"IsInSubmodule"}
[2022-01-26 17:04:08.168] [exthost] [error] {"message":"Git error","stdout":"","stderr":"fatal: Pathspec '/home/austyn/anotherone2/hello_world.sh' is in submodule 'anotherone2'\n","exitCode":128,"gitErrorCode":"IsInSubmodule"}
[2022-01-26 17:04:08.168] [exthost] [error] {"message":"Git error","stdout":"","stderr":"fatal: Pathspec '/home/austyn/anotherone2/hello_world.sh' is in submodule 'anotherone2'\n","exitCode":128,"gitErrorCode":"IsInSubmodule"}
[2022-01-26 17:04:08.168] [exthost] [error] {"message":"Git error","stdout":"","stderr":"fatal: Pathspec '/home/austyn/anotherone2/hello_world.sh' is in submodule 'anotherone2'\n","exitCode":128,"gitErrorCode":"IsInSubmodule"}
[2022-01-26 17:04:08.168] [exthost] [error] {"message":"Git error","stdout":"","stderr":"fatal: Pathspec '/home/austyn/anotherone2/hello_world.sh' is in submodule 'anotherone2'\n","exitCode":128,"gitErrorCode":"IsInSubmodule"}
[2022-01-26 17:04:08.168] [exthost] [error] {"message":"Git error","stdout":"","stderr":"fatal: Pathspec '/home/austyn/anotherone2/hello_world.sh' is in submodule 'anotherone2'\n","exitCode":128,"gitErrorCode":"IsInSubmodule"}
[2022-01-26 17:04:08.168] [exthost] [error] {"message":"Git error","stdout":"","stderr":"fatal: Pathspec '/home/austyn/anotherone2/hello_world.sh' is in submodule 'anotherone2'\n","exitCode":128,"gitErrorCode":"IsInSubmodule"}
[2022-01-26 17:04:08.169] [exthost] [error] {"message":"Git error","stdout":"","stderr":"fatal: Pathspec '/home/austyn/anotherone2/hello_world.sh' is in submodule 'anotherone2'\n","exitCode":128,"gitErrorCode":"IsInSubmodule"}
[2022-01-26 17:04:08.169] [exthost] [error] {"message":"Git error","stdout":"","stderr":"fatal: Pathspec '/home/austyn/anotherone2/hello_world.sh' is in submodule 'anotherone2'\n","exitCode":128,"gitErrorCode":"IsInSubmodule"}
[2022-01-26 17:04:08.169] [exthost] [error] {"message":"Git error","stdout":"","stderr":"fatal: Pathspec '/home/austyn/anotherone2/hello_world.sh' is in submodule 'anotherone2'\n","exitCode":128,"gitErrorCode":"IsInSubmodule"}
[2022-01-26 17:04:08.169] [exthost] [error] {"message":"Git error","stdout":"","stderr":"fatal: Pathspec '/home/austyn/anotherone2/hello_world.sh' is in submodule 'anotherone2'\n","exitCode":128,"gitErrorCode":"IsInSubmodule"}
[2022-01-26 17:04:08.169] [exthost] [error] {"message":"Git error","stdout":"","stderr":"fatal: Pathspec '/home/austyn/anotherone2/hello_world.sh' is in submodule 'anotherone2'\n","exitCode":128,"gitErrorCode":"IsInSubmodule"}
[2022-01-26 17:04:08.169] [exthost] [error] {"message":"Git error","stdout":"","stderr":"fatal: Pathspec '/home/austyn/anotherone2/hello_world.sh' is in submodule 'anotherone2'\n","exitCode":128,"gitErrorCode":"IsInSubmodule"}
[2022-01-26 17:04:08.169] [exthost] [error] {"message":"Git error","stdout":"","stderr":"fatal: Pathspec '/home/austyn/anotherone2/hello_world.sh' is in submodule 'anotherone2'\n","exitCode":128,"gitErrorCode":"IsInSubmodule"}
[2022-01-26 17:04:08.169] [exthost] [error] {"message":"Git error","stdout":"","stderr":"fatal: Pathspec '/home/austyn/anotherone2/hello_world.sh' is in submodule 'anotherone2'\n","exitCode":128,"gitErrorCode":"IsInSubmodule"}
[2022-01-26 17:04:08.169] [exthost] [error] {"message":"Git error","stdout":"","stderr":"fatal: Pathspec '/home/austyn/anotherone2/hello_world.sh' is in submodule 'anotherone2'\n","exitCode":128,"gitErrorCode":"IsInSubmodule"}
[2022-01-26 17:04:08.169] [exthost] [error] {"message":"Git error","stdout":"","stderr":"fatal: Pathspec '/home/austyn/anotherone2/hello_world.sh' is in submodule 'anotherone2'\n","exitCode":128,"gitErrorCode":"IsInSubmodule"}
[2022-01-26 17:04:08.169] [exthost] [error] {"message":"Git error","stdout":"","stderr":"fatal: Pathspec '/home/austyn/anotherone2/hello_world.sh' is in submodule 'anotherone2'\n","exitCode":128,"gitErrorCode":"IsInSubmodule"}
[2022-01-26 17:04:08.169] [exthost] [error] {"message":"Git error","stdout":"","stderr":"fatal: Pathspec '/home/austyn/anotherone2/hello_world.sh' is in submodule 'anotherone2'\n","exitCode":128,"gitErrorCode":"IsInSubmodule"}
[2022-01-26 17:04:08.169] [exthost] [error] {"message":"Git error","stdout":"","stderr":"fatal: Pathspec '/home/austyn/anotherone2/hello_world.sh' is in submodule 'anotherone2'\n","exitCode":128,"gitErrorCode":"IsInSubmodule"}
[2022-01-26 17:04:08.169] [exthost] [error] {"message":"Git error","stdout":"","stderr":"fatal: Pathspec '/home/austyn/anotherone2/hello_world.sh' is in submodule 'anotherone2'\n","exitCode":128,"gitErrorCode":"IsInSubmodule"}
[2022-01-26 17:04:08.169] [exthost] [error] {"message":"Git error","stdout":"","stderr":"fatal: Pathspec '/home/austyn/anotherone2/hello_world.sh' is in submodule 'anotherone2'\n","exitCode":128,"gitErrorCode":"IsInSubmodule"}
[2022-01-26 17:04:08.169] [exthost] [error] {"message":"Git error","stdout":"","stderr":"fatal: Pathspec '/home/austyn/anotherone2/hello_world.sh' is in submodule 'anotherone2'\n","exitCode":128,"gitErrorCode":"IsInSubmodule"}
[2022-01-26 17:04:08.169] [exthost] [error] {"message":"Git error","stdout":"","stderr":"fatal: Pathspec '/home/austyn/anotherone2/hello_world.sh' is in submodule 'anotherone2'\n","exitCode":128,"gitErrorCode":"IsInSubmodule"}
[2022-01-26 17:04:08.169] [exthost] [error] {"message":"Git error","stdout":"","stderr":"fatal: Pathspec '/home/austyn/anotherone2/hello_world.sh' is in submodule 'anotherone2'\n","exitCode":128,"gitErrorCode":"IsInSubmodule"}
[2022-01-26 17:04:08.169] [exthost] [error] {"message":"Git error","stdout":"","stderr":"fatal: Pathspec '/home/austyn/anotherone2/hello_world.sh' is in submodule 'anotherone2'\n","exitCode":128,"gitErrorCode":"IsInSubmodule"}
[2022-01-26 17:04:08.169] [exthost] [error] {"message":"Git error","stdout":"","stderr":"fatal: Pathspec '/home/austyn/anotherone2/hello_world.sh' is in submodule 'anotherone2'\n","exitCode":128,"gitErrorCode":"IsInSubmodule"}
[2022-01-26 17:04:08.170] [exthost] [error] {"message":"Git error","stdout":"","stderr":"fatal: Pathspec '/home/austyn/anotherone2/hello_world.sh' is in submodule 'anotherone2'\n","exitCode":128,"gitErrorCode":"IsInSubmodule"}
[2022-01-26 17:04:08.170] [exthost] [error] {"message":"Git error","stdout":"","stderr":"fatal: Pathspec '/home/austyn/anotherone2/hello_world.sh' is in submodule 'anotherone2'\n","exitCode":128,"gitErrorCode":"IsInSubmodule"}
[2022-01-26 17:04:08.170] [exthost] [error] {"message":"Git error","stdout":"","stderr":"fatal: Pathspec '/home/austyn/anotherone2/hello_world.sh' is in submodule 'anotherone2'\n","exitCode":128,"gitErrorCode":"IsInSubmodule"}
[2022-01-26 17:04:08.170] [exthost] [error] {"message":"Git error","stdout":"","stderr":"fatal: Pathspec '/home/austyn/anotherone2/hello_world.sh' is in submodule 'anotherone2'\n","exitCode":128,"gitErrorCode":"IsInSubmodule"}
[2022-01-26 17:04:08.170] [exthost] [error] {"message":"Git error","stdout":"","stderr":"fatal: Pathspec '/home/austyn/anotherone2/hello_world.sh' is in submodule 'anotherone2'\n","exitCode":128,"gitErrorCode":"IsInSubmodule"}
[2022-01-26 17:04:08.170] [exthost] [error] {"message":"Git error","stdout":"","stderr":"fatal: Pathspec '/home/austyn/anotherone2/hello_world.sh' is in submodule 'anotherone2'\n","exitCode":128,"gitErrorCode":"IsInSubmodule"}
[2022-01-26 17:04:08.170] [exthost] [error] {"message":"Git error","stdout":"","stderr":"fatal: Pathspec '/home/austyn/anotherone2/hello_world.sh' is in submodule 'anotherone2'\n","exitCode":128,"gitErrorCode":"IsInSubmodule"}
[2022-01-26 17:04:08.170] [exthost] [error] {"message":"Git error","stdout":"","stderr":"fatal: Pathspec '/home/austyn/anotherone2/hello_world.sh' is in submodule 'anotherone2'\n","exitCode":128,"gitErrorCode":"IsInSubmodule"}
[2022-01-26 17:04:08.170] [exthost] [error] {"message":"Git error","stdout":"","stderr":"fatal: Pathspec '/home/austyn/anotherone2/hello_world.sh' is in submodule 'anotherone2'\n","exitCode":128,"gitErrorCode":"IsInSubmodule"}
[2022-01-26 17:04:08.170] [exthost] [error] {"message":"Git error","stdout":"","stderr":"fatal: Pathspec '/home/austyn/anotherone2/hello_world.sh' is in submodule 'anotherone2'\n","exitCode":128,"gitErrorCode":"IsInSubmodule"}
[2022-01-26 17:04:08.170] [exthost] [error] {"message":"Git error","stdout":"","stderr":"fatal: Pathspec '/home/austyn/anotherone2/hello_world.sh' is in submodule 'anotherone2'\n","exitCode":128,"gitErrorCode":"IsInSubmodule"}
[2022-01-26 17:04:08.170] [exthost] [error] {"message":"Git error","stdout":"","stderr":"fatal: Pathspec '/home/austyn/anotherone2/hello_world.sh' is in submodule 'anotherone2'\n","exitCode":128,"gitErrorCode":"IsInSubmodule"}
[2022-01-26 17:04:08.170] [exthost] [error] {"message":"Git error","stdout":"","stderr":"fatal: Pathspec '/home/austyn/anotherone2/hello_world.sh' is in submodule 'anotherone2'\n","exitCode":128,"gitErrorCode":"IsInSubmodule"}
[2022-01-26 17:04:08.170] [exthost] [error] {"message":"Git error","stdout":"","stderr":"fatal: Pathspec '/home/austyn/anotherone2/hello_world.sh' is in submodule 'anotherone2'\n","exitCode":128,"gitErrorCode":"IsInSubmodule"}
[2022-01-26 17:04:08.170] [exthost] [error] {"message":"Git error","stdout":"","stderr":"fatal: Pathspec '/home/austyn/anotherone2/hello_world.sh' is in submodule 'anotherone2'\n","exitCode":128,"gitErrorCode":"IsInSubmodule"}
[2022-01-26 17:04:08.170] [exthost] [error] {"message":"Git error","stdout":"","stderr":"fatal: Pathspec '/home/austyn/anotherone2/hello_world.sh' is in submodule 'anotherone2'\n","exitCode":128,"gitErrorCode":"IsInSubmodule"}
[2022-01-26 17:04:08.170] [exthost] [error] {"message":"Git error","stdout":"","stderr":"fatal: Pathspec '/home/austyn/anotherone2/hello_world.sh' is in submodule 'anotherone2'\n","exitCode":128,"gitErrorCode":"IsInSubmodule"}
[2022-01-26 17:04:08.170] [exthost] [error] {"message":"Git error","stdout":"","stderr":"fatal: Pathspec '/home/austyn/anotherone2/hello_world.sh' is in submodule 'anotherone2'\n","exitCode":128,"gitErrorCode":"IsInSubmodule"}
[2022-01-26 17:04:08.170] [exthost] [error] {"message":"Git error","stdout":"","stderr":"fatal: Pathspec '/home/austyn/anotherone2/hello_world.sh' is in submodule 'anotherone2'\n","exitCode":128,"gitErrorCode":"IsInSubmodule"}
[2022-01-26 17:10:35.405] [exthost] [info] ExtensionService#_doActivateExtension vscode.extension-editing, startup: false, activationEvent: 'onLanguage:markdown'
[2022-01-26 17:10:35.426] [exthost] [info] ExtensionService#_doActivateExtension vscode.markdown-language-features, startup: false, activationEvent: 'onLanguage:markdown'
[2022-01-26 17:10:35.610] [exthost] [info] ExtensionService#_doActivateExtension vscode.markdown-math, startup: false, activationEvent: 'api', root cause: vscode.markdown-language-features
[2022-01-26 17:57:06.351] [exthost] [info] ExtensionService#_doActivateExtension vscode.configuration-editing, startup: false, activationEvent: 'onLanguage:jsonc'
[2022-01-26 17:57:06.367] [exthost] [info] ExtensionService#_doActivateExtension vscode.json-language-features, startup: false, activationEvent: 'onLanguage:jsonc'
[2022-01-26 17:57:06.422] [exthost] [info] ExtensionService#_doActivateExtension vscode.typescript-language-features, startup: false, activationEvent: 'onLanguage:jsonc'
[2022-01-26 20:14:49.448] [exthost] [info] extension host terminating: received terminate message from renderer
[2022-01-26 20:14:49.449] [exthost] [info] Lock '/home/austyn/.vscode-server/data/User/workspaceStorage/038728d8775fe99d8030dcfbf97c3aeb/vscode.lock': Marking the lockfile as scheduled to be released in 6000 ms.
[2022-01-26 20:14:49.489] [exthost] [info] Extension host with pid 22976 exiting with code 0
