Validating found git in: git
Using git 2.32.0 from git
Opening repository for path='/home/austyn' failed; ex=Failed to execute git {
  "exitCode": 128,
  "gitErrorCode": "NotAGitRepository",
  "gitCommand": "rev-parse",
  "stdout": "",
  "stderr": "fatal: not a git repository (or any of the parent directories): .git\n"
}
Opening repository for path='/home/austyn' failed; ex=Failed to execute git {
  "exitCode": 128,
  "gitErrorCode": "NotAGitRepository",
  "gitCommand": "rev-parse",
  "stdout": "",
  "stderr": "fatal: not a git repository (or any of the parent directories): .git\n"
}
Opening repository for path='/home/austyn/.bash_history' failed; ex=Error: spawn ENOTDIR
Opening repository for path='/home/austyn/.bash_logout' failed; ex=Error: spawn ENOTDIR
Opening repository for path='/home/austyn/.bashrc' failed; ex=Error: spawn ENOTDIR
Opening repository for path='/home/austyn/.cache' failed; ex=Failed to execute git {
  "exitCode": 128,
  "gitErrorCode": "NotAGitRepository",
  "gitCommand": "rev-parse",
  "stdout": "",
  "stderr": "fatal: not a git repository (or any of the parent directories): .git\n"
}
Opening repository for path='/home/austyn/.local' failed; ex=Failed to execute git {
  "exitCode": 128,
  "gitErrorCode": "NotAGitRepository",
  "gitCommand": "rev-parse",
  "stdout": "",
  "stderr": "fatal: not a git repository (or any of the parent directories): .git\n"
}
Opening repository for path='/home/austyn/.profile' failed; ex=Error: spawn ENOTDIR
Opening repository for path='/home/austyn/.ssh' failed; ex=Failed to execute git {
  "exitCode": 128,
  "gitErrorCode": "NotAGitRepository",
  "gitCommand": "rev-parse",
  "stdout": "",
  "stderr": "fatal: not a git repository (or any of the parent directories): .git\n"
}
Opening repository for path='/home/austyn/.sudo_as_admin_successful' failed; ex=Error: spawn ENOTDIR
Opening repository for path='/home/austyn/.vscode-server' failed; ex=Failed to execute git {
  "exitCode": 128,
  "gitErrorCode": "NotAGitRepository",
  "gitCommand": "rev-parse",
  "stdout": "",
  "stderr": "fatal: not a git repository (or any of the parent directories): .git\n"
}
Opening repository for path='/home/austyn/.wget-hsts' failed; ex=Error: spawn ENOTDIR
Opening repository for path='/home/austyn/RE.save' failed; ex=Error: spawn ENOTDIR
> git rev-parse --git-dir
Open repository: /home/austyn/anotherone
> git status -z -u
Opening repository for path='/home/austyn/hello_world.sh' failed; ex=Error: spawn ENOTDIR
Opening repository for path='/home/austyn/nano.save' failed; ex=Error: spawn ENOTDIR
Opening repository for path='/home/austyn/nano.save.1' failed; ex=Error: spawn ENOTDIR
Opening repository for path='/home/austyn/nano.save.2' failed; ex=Error: spawn ENOTDIR
Opening repository for path='/home/austyn/test' failed; ex=Error: spawn ENOTDIR
Opening repository for path='/home/austyn/testingfile.save' failed; ex=Error: spawn ENOTDIR
> git symbolic-ref --short HEAD
> git for-each-ref --format=%(refname)%00%(upstream:short)%00%(objectname)%00%(upstream:track) refs/heads/main refs/remotes/main
> git for-each-ref --sort -committerdate --format %(refname) %(objectname) %(*objectname)
> git remote --verbose
Warning: Failed to watch ref '/home/austyn/anotherone/.git/refs/remotes/origin/main', is most likely packed.
> git config --get commit.template
> git check-ignore -v -z --stdin
Opening repository for path='/home/austyn' failed; ex=Failed to execute git {
  "exitCode": 128,
  "gitErrorCode": "NotAGitRepository",
  "gitCommand": "rev-parse",
  "stdout": "",
  "stderr": "fatal: not a git repository (or any of the parent directories): .git\n"
}
Opening repository for path='/home/austyn' failed; ex=Failed to execute git {
  "exitCode": 128,
  "gitErrorCode": "NotAGitRepository",
  "gitCommand": "rev-parse",
  "stdout": "",
  "stderr": "fatal: not a git repository (or any of the parent directories): .git\n"
}
> git show --textconv HEAD:testingfile
> git ls-tree -l HEAD -- /home/austyn/anotherone/testingfile
> git check-ignore -v -z --stdin
> git ls-tree -l HEAD -- /home/austyn/anotherone/testingfile
> git ls-tree -l HEAD -- /home/austyn/anotherone/testingfile
> git log --format=%H%n%aN%n%aE%n%at%n%ct%n%P%n%B -z -n21 -- /home/austyn/anotherone/testingfile
> git ls-tree -l HEAD -- /home/austyn/anotherone/testingfile
> git ls-tree -l HEAD -- /home/austyn/anotherone/testingfile
> git ls-tree -l HEAD -- /home/austyn/anotherone/testingfile
> git ls-tree -l HEAD -- /home/austyn/anotherone/testingfile
> git ls-tree -l HEAD -- /home/austyn/anotherone/testingfile
Opening repository for path='/home/austyn' failed; ex=Failed to execute git {
  "exitCode": 128,
  "gitErrorCode": "NotAGitRepository",
  "gitCommand": "rev-parse",
  "stdout": "",
  "stderr": "fatal: not a git repository (or any of the parent directories): .git\n"
}
